Arguments: 
  /usr/local/Cellar/node@12/12.20.0/bin/node /Users/apple/.yarn/releases/yarn-1.22.10.cjs ios

PATH: 
  /Users/apple/Library/Android/sdk:/Users/apple/.yarn/bin:/Users/apple/.config/yarn/global/node_modules/.bin:/usr/local/opt/node@12/bin:/usr/local/bin:/usr/bin:/bin:/usr/sbin:/sbin:/Library/Apple/usr/bin:/Users/apple/Library/Android/sdk:/Users/apple/.yarn/bin:/Users/apple/.config/yarn/global/node_modules/.bin:/usr/local/opt/node@12/bin:/Users/apple/Developer/flutter/bin:/Users/apple/Library/Android/sdk/emulator:/Users/apple/Library/Android/sdk/tools:/Users/apple/Library/Android/sdk/tools/bin:/Users/apple/Library/Android/sdk/platform-tools:/Users/apple/Developer/flutter/bin:/Users/apple/Library/Android/sdk/emulator:/Users/apple/Library/Android/sdk/tools:/Users/apple/Library/Android/sdk/tools/bin:/Users/apple/Library/Android/sdk/platform-tools

Yarn version: 
  1.22.10

Node version: 
  12.20.0

Platform: 
  darwin x64

Trace: 
  Error: ENOSPC: no space left on device, write

npm manifest: 
  {
    "name": "RideyDriver",
    "version": "0.0.1",
    "private": true,
    "scripts": {
      "android": "react-native run-android",
      "ios": "react-native run-ios",
      "start": "react-native start",
      "test": "jest",
      "lint": "eslint ."
    },
    "dependencies": {
      "@react-native-community/geolocation": "^2.0.2",
      "@react-native-community/masked-view": "^0.1.10",
      "@react-navigation/drawer": "^5.12.4",
      "@react-navigation/native": "^5.9.3",
      "@react-navigation/stack": "^5.14.3",
      "i18next": "^19.8.7",
      "lodash": "^4.17.20",
      "prop-types": "^15.7.2",
      "react": "16.13.1",
      "react-i18next": "^11.8.5",
      "react-native": "0.63.4",
      "react-native-contacts": "^6.0.4",
      "react-native-geocoding": "^0.5.0",
      "react-native-geolocation-service": "^5.2.0",
      "react-native-gesture-handler": "^1.10.1",
      "react-native-get-sms-android": "^2.1.0",
      "react-native-google-places-autocomplete": "^2.1.3",
      "react-native-image-base64": "^0.1.4",
      "react-native-image-picker": "^3.2.1",
      "react-native-maps": "^0.27.1",
      "react-native-maps-directions": "^1.8.0",
      "react-native-permissions": "^3.0.0",
      "react-native-reanimated": "^1.13.2",
      "react-native-safe-area-context": "^3.1.9",
      "react-native-screens": "^2.17.1",
      "react-native-sms": "^1.11.0",
      "react-native-vector-icons": "^8.0.0",
      "react-redux": "^7.2.2",
      "react-stripe-checkout": "^2.6.3",
      "redux": "^4.0.5",
      "redux-socket.io": "^1.4.0",
      "redux-thunk": "^2.3.0",
      "socket.io-client": "^4.0.0",
      "tipsi-stripe": "^8.0.2"
    },
    "devDependencies": {
      "@babel/core": "^7.8.4",
      "@babel/runtime": "^7.8.4",
      "@react-native-community/eslint-config": "^1.1.0",
      "babel-jest": "^25.1.0",
      "eslint": "^6.5.1",
      "jest": "^25.1.0",
      "metro-react-native-babel-preset": "^0.59.0",
      "react-test-renderer": "16.13.1"
    },
    "jest": {
      "preset": "react-native"
    }
  }

yarn manifest: 
  No manifest

Lockfile: 
  No lockfile
